<?xml version="1.0" encoding="UTF-8"?>
<testng-results skipped="0" failed="0" ignored="0" total="1" passed="1">
  <reporter-output>
  </reporter-output>
  <suite name="Default suite" duration-ms="10892" started-at="2022-10-21T12:56:01 IST" finished-at="2022-10-21T12:56:11 IST">
    <groups>
    </groups>
    <test name="Default test" duration-ms="10892" started-at="2022-10-21T12:56:01 IST" finished-at="2022-10-21T12:56:11 IST">
      <class name="com.app.AdminLoginTest">
        <test-method status="PASS" signature="beforeTest()[pri:0, instance:com.app.AdminLoginTest@3891771e]" name="beforeTest" is-config="true" duration-ms="3101" started-at="2022-10-21T12:56:01 IST" finished-at="2022-10-21T12:56:04 IST">
          <reporter-output>
          </reporter-output>
        </test-method> <!-- beforeTest -->
        <test-method status="PASS" signature="f()[pri:0, instance:com.app.AdminLoginTest@3891771e]" name="f" duration-ms="7380" started-at="2022-10-21T12:56:04 IST" finished-at="2022-10-21T12:56:11 IST">
          <reporter-output>
          </reporter-output>
        </test-method> <!-- f -->
        <test-method status="PASS" signature="afterTest()[pri:0, instance:com.app.AdminLoginTest@3891771e]" name="afterTest" is-config="true" duration-ms="337" started-at="2022-10-21T12:56:11 IST" finished-at="2022-10-21T12:56:11 IST">
          <reporter-output>
          </reporter-output>
        </test-method> <!-- afterTest -->
      </class> <!-- com.app.AdminLoginTest -->
    </test> <!-- Default test -->
  </suite> <!-- Default suite -->
</testng-results>
